[debug] [2021-07-02T12:37:29.825Z] ----------------------------------------------------------------------
[debug] [2021-07-02T12:37:29.827Z] Command:       /home/localhost/.nvm/versions/node/v14.4.0/bin/node /home/localhost/.nvm/versions/node/v14.4.0/bin/firebase init
[debug] [2021-07-02T12:37:29.828Z] CLI Version:   9.14.0
[debug] [2021-07-02T12:37:29.828Z] Platform:      linux
[debug] [2021-07-02T12:37:29.828Z] Node Version:  v14.4.0
[debug] [2021-07-02T12:37:29.828Z] Time:          Fri Jul 02 2021 13:37:29 GMT+0100 (West Africa Standard Time)
[debug] [2021-07-02T12:37:29.828Z] ----------------------------------------------------------------------
[debug] 
[debug] [2021-07-02T12:37:29.832Z] > command requires scopes: ["email","openid","https://www.googleapis.com/auth/cloudplatformprojects.readonly","https://www.googleapis.com/auth/firebase","https://www.googleapis.com/auth/cloud-platform"]
[debug] [2021-07-02T12:37:29.832Z] > authorizing via signed-in user (antonynans@gmail.com)
[info] 
     ######## #### ########  ######## ########     ###     ######  ########
     ##        ##  ##     ## ##       ##     ##  ##   ##  ##       ##
     ######    ##  ########  ######   ########  #########  ######  ######
     ##        ##  ##    ##  ##       ##     ## ##     ##       ## ##
     ##       #### ##     ## ######## ########  ##     ##  ######  ########

You're about to initialize a Firebase project in this directory:

  /home/localhost/Documents/React/amazon-clone

[info] 
=== Project Setup
[info] 
[info] First, let's associate this project directory with a Firebase project.
[info] You can create multiple project aliases by running firebase use --add, 
[info] but for now we'll just set up a default project.
[info] 
[debug] [2021-07-02T12:37:48.542Z] > refreshing access token with scopes: []
[debug] [2021-07-02T12:37:48.543Z] >>> HTTP REQUEST POST https://www.googleapis.com/oauth2/v3/token  
 <request body omitted>
[debug] [2021-07-02T12:37:49.463Z] <<< HTTP RESPONSE 200 {"cache-control":"no-cache, no-store, max-age=0, must-revalidate","pragma":"no-cache","date":"Fri, 02 Jul 2021 12:37:49 GMT","expires":"Mon, 01 Jan 1990 00:00:00 GMT","content-type":"application/json; charset=utf-8","vary":"X-Origin, Referer, Origin,Accept-Encoding","server":"scaffolding on HTTPServer2","x-xss-protection":"0","x-frame-options":"SAMEORIGIN","x-content-type-options":"nosniff","alt-svc":"h3=\":443\"; ma=2592000,h3-29=\":443\"; ma=2592000,h3-T051=\":443\"; ma=2592000,h3-Q050=\":443\"; ma=2592000,h3-Q046=\":443\"; ma=2592000,h3-Q043=\":443\"; ma=2592000,quic=\":443\"; ma=2592000; v=\"46,43\"","accept-ranges":"none","transfer-encoding":"chunked"}
[debug] [2021-07-02T12:37:49.585Z] >>> [apiv2][query] GET https://firebase.googleapis.com/v1beta1/projects pageSize=100
[debug] [2021-07-02T12:37:55.257Z] <<< [apiv2][status] GET https://firebase.googleapis.com/v1beta1/projects 200
[debug] [2021-07-02T12:37:55.257Z] <<< [apiv2][body] GET https://firebase.googleapis.com/v1beta1/projects [omitted]
[info] i  Using project clone-e8fc6 (amazon-clone) 
[info] 
=== Hosting Setup
[info] 
[info] Your public directory is the folder (relative to your project directory) that
[info] will contain Hosting assets to be uploaded with firebase deploy. If you
[info] have a build process for your assets, use your build's output directory.
[info] 
[debug] [2021-07-02T12:38:41.106Z] >>> [apiv2][query] GET https://www.gstatic.com/firebasejs/releases.json [none]
[debug] [2021-07-02T12:38:41.477Z] <<< [apiv2][status] GET https://www.gstatic.com/firebasejs/releases.json 200
[debug] [2021-07-02T12:38:41.477Z] <<< [apiv2][body] GET https://www.gstatic.com/firebasejs/releases.json {"current":{"version":"8.7.0","browserURL":"https://www.gstatic.com/firebasejs/8.7.0/firebase.js","packageURL":"https://www.gstatic.com/firebasejs/8.7.0/firebase.tgz"},"live":{"version":"8.7","browserURL":"https://www.gstatic.com/firebasejs/live/8.7/firebase.js","packageURL":"https://www.gstatic.com/firebasejs/live/8.7/firebase.tgz"},"components":{"analytics":"https://www.gstatic.com/firebasejs/8.7.0/firebase-analytics.js","app":"https://www.gstatic.com/firebasejs/8.7.0/firebase-app.js","app-check":"https://www.gstatic.com/firebasejs/8.7.0/firebase-app-check.js","auth":"https://www.gstatic.com/firebasejs/8.7.0/firebase-auth.js","database":"https://www.gstatic.com/firebasejs/8.7.0/firebase-database.js","firestore":"https://www.gstatic.com/firebasejs/8.7.0/firebase-firestore.js","functions":"https://www.gstatic.com/firebasejs/8.7.0/firebase-functions.js","installations":"https://www.gstatic.com/firebasejs/8.7.0/firebase-installations.js","messaging":"https://www.gstatic.com/firebasejs/8.7.0/firebase-messaging.js","storage":"https://www.gstatic.com/firebasejs/8.7.0/firebase-storage.js","performance":"https://www.gstatic.com/firebasejs/8.7.0/firebase-performance.js","remote-config":"https://www.gstatic.com/firebasejs/8.7.0/firebase-remote-config.js","firestore.memory":"https://www.gstatic.com/firebasejs/8.7.0/firebase-firestore.memory.js"}}
[info] ✔  Wrote build/index.html 
[info] 
[info] i  Detected a .git folder at /home/localhost/Documents/React/amazon-clone 
[info] i  Authorizing with GitHub to upload your service account to a GitHub repository's secrets store. 
[info] 
[info] Visit this URL on this device to log in:
[info] https://github.com/login/oauth/authorize?client_id=89cf50f02ac6aaed3484&state=625645306&redirect_uri=http%3A%2F%2Flocalhost%3A9005&scope=read%3Auser%20repo%20public_repo
[info] 
[info] Waiting for authentication...
[debug] [2021-07-02T12:39:12.531Z] >>> HTTP REQUEST POST https://github.com/login/oauth/access_token  
 {"client_id":"89cf50f02ac6aaed3484","client_secret":"3330d14abc895d9a74d5f17cd7a00711fa2c5bf0","code":"309c6e7cdf6d628f7a6d","redirect_uri":"http://localhost:9005","state":"625645306"}
[debug] [2021-07-02T12:39:14.198Z] <<< HTTP RESPONSE 200 {"server":"GitHub.com","date":"Fri, 02 Jul 2021 12:39:14 GMT","content-type":"application/json; charset=utf-8","transfer-encoding":"chunked","vary":"X-PJAX, Accept-Encoding, Accept, X-Requested-With","permissions-policy":"interest-cohort=()","etag":"W/\"4391eba02dac835cde740e642afb93f5\"","cache-control":"max-age=0, private, must-revalidate","strict-transport-security":"max-age=31536000; includeSubdomains; preload","x-frame-options":"deny","x-content-type-options":"nosniff","x-xss-protection":"0","referrer-policy":"origin-when-cross-origin, strict-origin-when-cross-origin","expect-ct":"max-age=2592000, report-uri=\"https://api.github.com/_private/browser/errors\"","content-security-policy":"default-src 'none'; base-uri 'self'; block-all-mixed-content; connect-src 'self' uploads.github.com www.githubstatus.com collector.githubapp.com api.github.com github-cloud.s3.amazonaws.com github-production-repository-file-5c1aeb.s3.amazonaws.com github-production-upload-manifest-file-7fdce7.s3.amazonaws.com github-production-user-asset-6210df.s3.amazonaws.com cdn.optimizely.com logx.optimizely.com/v1/events translator.github.com wss://alive.github.com; font-src github.githubassets.com; form-action 'self' github.com gist.github.com; frame-ancestors 'none'; frame-src render.githubusercontent.com render-temp.githubusercontent.com viewscreen.githubusercontent.com; img-src 'self' data: github.githubassets.com identicons.github.com collector.githubapp.com github-cloud.s3.amazonaws.com secured-user-images.githubusercontent.com/ *.githubusercontent.com; manifest-src 'self'; media-src 'none'; script-src github.githubassets.com; style-src 'unsafe-inline' github.githubassets.com; worker-src github.com/socket-worker-3f088aa2.js gist.github.com/socket-worker-3f088aa2.js","x-github-request-id":"5859:7438:4810A7E:4A0A90F:60DF08F0"}
[debug] [2021-07-02T12:39:14.241Z] >>> [apiv2][query] GET https://api.github.com/user [none]
[debug] [2021-07-02T12:39:21.472Z] <<< [apiv2][status] GET https://api.github.com/user 200
[debug] [2021-07-02T12:39:21.473Z] <<< [apiv2][body] GET https://api.github.com/user {"login":"Antonynans","id":40110972,"node_id":"MDQ6VXNlcjQwMTEwOTcy","avatar_url":"https://avatars.githubusercontent.com/u/40110972?v=4","gravatar_id":"","url":"https://api.github.com/users/Antonynans","html_url":"https://github.com/Antonynans","followers_url":"https://api.github.com/users/Antonynans/followers","following_url":"https://api.github.com/users/Antonynans/following{/other_user}","gists_url":"https://api.github.com/users/Antonynans/gists{/gist_id}","starred_url":"https://api.github.com/users/Antonynans/starred{/owner}{/repo}","subscriptions_url":"https://api.github.com/users/Antonynans/subscriptions","organizations_url":"https://api.github.com/users/Antonynans/orgs","repos_url":"https://api.github.com/users/Antonynans/repos","events_url":"https://api.github.com/users/Antonynans/events{/privacy}","received_events_url":"https://api.github.com/users/Antonynans/received_events","type":"User","site_admin":false,"name":"Muonaka Anthony","company":"@layer5io","blog":"www.LinkedIn.com/in/muonaka","location":"Lagos","email":"Antonynans@gmail.com","hireable":null,"bio":"developer.passions = [ building, creating, helping, growing, improving, programming ];","twitter_username":null,"public_repos":39,"public_gists":0,"followers":10,"following":16,"created_at":"2018-06-09T10:31:02Z","updated_at":"2021-07-02T12:39:12Z","private_gists":0,"total_private_repos":16,"owned_private_repos":15,"disk_usage":60007,"collaborators":1,"two_factor_authentication":false,"plan":{"name":"free","space":976562499,"collaborators":0,"private_repos":10000}}
[info] 
[info] ✔  Success! Logged into GitHub as Antonynans 
[info] 
